BFGSLineSearch:   0[  0]  21:32:00    -2160.274506       6.1988
BFGSLineSearch:   1[  2]  00:12:19    -2162.097510       2.3129
BFGSLineSearch:   2[  4]  02:42:41    -2162.389063       1.5998
BFGSLineSearch:   3[  6]  04:58:10    -2162.629718       2.1383
BFGSLineSearch:   4[  8]  07:35:40    -2162.767939       0.8133
BFGSLineSearch:   5[ 10]  09:30:25    -2162.888379       1.5871
BFGSLineSearch:   6[ 11]  10:49:20    -2163.201039       1.6817
BFGSLineSearch:   7[ 13]  12:34:20    -2163.242492       1.1805
BFGSLineSearch:   8[ 14]  13:36:40    -2163.347156       1.9365
BFGSLineSearch:   9[ 16]  15:48:11    -2163.388268       1.5114
BFGSLineSearch:  10[ 17]  16:50:47    -2163.537425       0.9512
BFGSLineSearch:  11[ 19]  19:58:48    -2163.595266       1.1541
BFGSLineSearch:  12[ 21]  22:26:40    -2163.676826       1.4205
BFGSLineSearch:  13[ 23]  00:47:42    -2163.750741       1.3893
BFGSLineSearch:  14[ 25]  03:39:53    -2163.852476       1.0892
BFGSLineSearch:  15[ 27]  06:42:23    -2163.923738       0.8440
BFGSLineSearch:  16[ 29]  09:18:34    -2163.958597       0.9029
BFGSLineSearch:  17[ 31]  12:30:33    -2164.009872       0.7866
BFGSLineSearch:  18[ 33]  15:10:47    -2164.031856       0.8477
BFGSLineSearch:  19[ 35]  18:23:30    -2164.073442       0.8585
BFGSLineSearch:  20[ 36]  19:58:58    -2164.111807       1.0074
BFGSLineSearch:  21[ 37]  20:58:32    -2164.163538       0.6650
BFGSLineSearch:  22[ 39]  22:41:08    -2164.182806       0.3973
BFGSLineSearch:  23[ 40]  23:32:37    -2164.207266       0.4380
BFGSLineSearch:  24[ 41]  00:27:18    -2164.223855       0.5008
BFGSLineSearch:  25[ 42]  01:24:58    -2164.249567       0.5708
BFGSLineSearch:  26[ 43]  02:12:55    -2164.281331       0.6426
BFGSLineSearch:  27[ 44]  02:59:42    -2164.296735       0.4565
BFGSLineSearch:  28[ 45]  03:54:44    -2164.321929       0.4468
BFGSLineSearch:  29[ 47]  05:42:44    -2164.349610       0.5026
BFGSLineSearch:  30[ 48]  06:32:36    -2164.363208       0.3857
BFGSLineSearch:  31[ 49]  07:20:59    -2164.382380       0.3695
BFGSLineSearch:  32[ 51]  08:57:38    -2164.403186       0.5720
BFGSLineSearch:  33[ 53]  10:54:15    -2164.418525       0.6325
BFGSLineSearch:  34[ 54]  11:52:24    -2164.446045       0.6248
BFGSLineSearch:  35[ 56]  13:19:35    -2164.456755       0.2169
BFGSLineSearch:  36[ 57]  14:01:37    -2164.460197       0.3467
BFGSLineSearch:  37[ 58]  14:37:11    -2164.472333       0.3183
BFGSLineSearch:  38[ 60]  16:11:32    -2164.473725       0.2292
BFGSLineSearch:  39[ 62]  17:39:25    -2164.475783       0.2428
BFGSLineSearch:  40[ 63]  18:26:59    -2164.480109       0.2002
BFGSLineSearch:  41[ 64]  19:04:06    -2164.482251       0.2037
BFGSLineSearch:  42[ 65]  20:09:50    -2164.485597       0.1707
BFGSLineSearch:  43[ 66]  20:55:58    -2164.492198       0.2260
BFGSLineSearch:  44[ 69]  00:08:07    -2164.501604       0.2501
BFGSLineSearch:  45[ 72]  02:30:28    -2164.503318       0.1999
BFGSLineSearch:  46[ 73]  04:39:12    -2164.508391       0.1620
BFGSLineSearch:  47[ 74]  05:27:19    -2164.510304       0.1391
BFGSLineSearch:  48[ 75]  06:15:27    -2164.515135       0.1499
BFGSLineSearch:  49[ 84]  10:25:40    -2164.514294       0.1469
BFGSLineSearch:  50[ 85]  11:07:50    -2164.519005       0.2377
BFGSLineSearch:  51[ 88]  13:23:27    -2164.519853       0.2124
BFGSLineSearch:  52[ 89]  13:56:42    -2164.525478       0.1802
